CRITICAL - 2022-07-11 06:30:42 --> auth filter must have a matching alias defined.
in SYSTEMPATH\Filters\Filters.php on line 340.
 1 SYSTEMPATH\Filters\Filters.php(340): CodeIgniter\Filters\Exceptions\FilterException::forNoAlias('auth')
 2 SYSTEMPATH\CodeIgniter.php(431): CodeIgniter\Filters\Filters->enableFilter('auth', 'before')
 3 SYSTEMPATH\CodeIgniter.php(349): CodeIgniter\CodeIgniter->handleRequest(null, Object(Config\Cache), false)
 4 FCPATH\index.php(55): CodeIgniter\CodeIgniter->run()
CRITICAL - 2022-07-11 06:31:57 --> auth filter must have a matching alias defined.
in SYSTEMPATH\Filters\Filters.php on line 340.
 1 SYSTEMPATH\Filters\Filters.php(340): CodeIgniter\Filters\Exceptions\FilterException::forNoAlias('auth')
 2 SYSTEMPATH\CodeIgniter.php(431): CodeIgniter\Filters\Filters->enableFilter('auth', 'before')
 3 SYSTEMPATH\CodeIgniter.php(349): CodeIgniter\CodeIgniter->handleRequest(null, Object(Config\Cache), false)
 4 FCPATH\index.php(55): CodeIgniter\CodeIgniter->run()
CRITICAL - 2022-07-11 06:52:36 --> Namespace declaration statement has to be the very first statement or after any declare call in the script
in ROOTPATH\modules\Register\Controllers\Register.php on line 3.
 1 [internal function]: CodeIgniter\Debug\Exceptions->shutdownHandler()
CRITICAL - 2022-07-11 10:01:47 --> Namespace declaration statement has to be the very first statement or after any declare call in the script
in ROOTPATH\modules\Contact\Config\Routes.php on line 3.
 1 [internal function]: CodeIgniter\Debug\Exceptions->shutdownHandler()
CRITICAL - 2022-07-11 10:05:00 --> Namespace declaration statement has to be the very first statement or after any declare call in the script
in ROOTPATH\modules\Admin\Config\Routes.php on line 3.
 1 [internal function]: CodeIgniter\Debug\Exceptions->shutdownHandler()
CRITICAL - 2022-07-11 10:21:20 --> Invalid file: Myth\Auth\Views\_message_block.php
in SYSTEMPATH\Exceptions\FrameworkException.php on line 33.
 1 SYSTEMPATH\View\View.php(201): CodeIgniter\Exceptions\FrameworkException::forInvalidFile('Myth\\Auth\\Views\\_message_block.php')
 2 SYSTEMPATH\Common.php(1135): CodeIgniter\View\View->render('Myth\\Auth\\Views\\_message_block', [], true)
 3 ROOTPATH\plugins\auth\Views\login.php(12): view('Myth\\Auth\\Views\\_message_block')
 4 SYSTEMPATH\View\View.php(213): include('ROOTPATH\\plugins\\auth\\Views\\login.php')
 5 SYSTEMPATH\View\View.php(216): CodeIgniter\View\View->CodeIgniter\View\{closure}()
 6 SYSTEMPATH\Common.php(1135): CodeIgniter\View\View->render('Auth\\Views\\login', [], true)
 7 ROOTPATH\plugins\auth\Controllers\AuthController.php(412): view('Auth\\Views\\login', [...])
 8 ROOTPATH\plugins\auth\Controllers\AuthController.php(58): Auth\Controllers\AuthController->_render('Auth\\Views\\login', [...])
 9 SYSTEMPATH\CodeIgniter.php(896): Auth\Controllers\AuthController->login()
10 SYSTEMPATH\CodeIgniter.php(466): CodeIgniter\CodeIgniter->runController(Object(Auth\Controllers\AuthController))
11 SYSTEMPATH\CodeIgniter.php(349): CodeIgniter\CodeIgniter->handleRequest(null, Object(Config\Cache), false)
12 FCPATH\index.php(55): CodeIgniter\CodeIgniter->run()
CRITICAL - 2022-07-11 10:23:12 --> Invalid file: Myth\Auth\Views\_navbar.php
in SYSTEMPATH\Exceptions\FrameworkException.php on line 33.
 1 SYSTEMPATH\View\View.php(201): CodeIgniter\Exceptions\FrameworkException::forInvalidFile('Myth\\Auth\\Views\\_navbar.php')
 2 SYSTEMPATH\Common.php(1135): CodeIgniter\View\View->render('Myth\\Auth\\Views\\_navbar', [], true)
 3 ROOTPATH\plugins\auth\Views\layout.php(25): view('Myth\\Auth\\Views\\_navbar')
 4 SYSTEMPATH\View\View.php(213): include('ROOTPATH\\plugins\\auth\\Views\\layout.php')
 5 SYSTEMPATH\View\View.php(216): CodeIgniter\View\View->CodeIgniter\View\{closure}()
 6 SYSTEMPATH\View\View.php(229): CodeIgniter\View\View->render('Auth\\Views\\layout', [], true)
 7 SYSTEMPATH\Common.php(1135): CodeIgniter\View\View->render('Auth\\Views\\login', [], true)
 8 ROOTPATH\plugins\auth\Controllers\AuthController.php(412): view('Auth\\Views\\login', [...])
 9 ROOTPATH\plugins\auth\Controllers\AuthController.php(58): Auth\Controllers\AuthController->_render('Auth\\Views\\login', [...])
10 SYSTEMPATH\CodeIgniter.php(896): Auth\Controllers\AuthController->login()
11 SYSTEMPATH\CodeIgniter.php(466): CodeIgniter\CodeIgniter->runController(Object(Auth\Controllers\AuthController))
12 SYSTEMPATH\CodeIgniter.php(349): CodeIgniter\CodeIgniter->handleRequest(null, Object(Config\Cache), false)
13 FCPATH\index.php(55): CodeIgniter\CodeIgniter->run()
CRITICAL - 2022-07-11 12:13:25 --> You do not have sufficient permissions to access that page.
in ROOTPATH\plugins\auth\Filters\PermissionFilter.php on line 61.
 1 SYSTEMPATH\Filters\Filters.php(173): Auth\Filters\PermissionFilter->before(Object(CodeIgniter\HTTP\IncomingRequest), [...])
 2 SYSTEMPATH\CodeIgniter.php(440): CodeIgniter\Filters\Filters->run('h', 'before')
 3 SYSTEMPATH\CodeIgniter.php(349): CodeIgniter\CodeIgniter->handleRequest(null, Object(Config\Cache), false)
 4 FCPATH\index.php(55): CodeIgniter\CodeIgniter->run()
CRITICAL - 2022-07-11 12:13:56 --> You do not have sufficient permissions to access that page.
in ROOTPATH\plugins\auth\Filters\RoleFilter.php on line 61.
 1 SYSTEMPATH\Filters\Filters.php(173): Auth\Filters\RoleFilter->before(Object(CodeIgniter\HTTP\IncomingRequest), [...])
 2 SYSTEMPATH\CodeIgniter.php(440): CodeIgniter\Filters\Filters->run('y', 'before')
 3 SYSTEMPATH\CodeIgniter.php(349): CodeIgniter\CodeIgniter->handleRequest(null, Object(Config\Cache), false)
 4 FCPATH\index.php(55): CodeIgniter\CodeIgniter->run()
